[dotenv@17.2.3] injecting env (7) from .env -- tip: ⚙️  enable debug logging with { debug: true }
[dotenv@17.2.3] injecting env (0) from .env -- tip: ⚙️  override existing env vars with { override: true }
Firebase Admin Initialized Successfully
Primary 99505 is running
Forking 8 workers...
(node:99505) [DEP0040] DeprecationWarning: The `punycode` module is deprecated. Please use a userland alternative instead.
(Use `node --trace-deprecation ...` to show where the warning was created)
[dotenv@17.2.3] injecting env (7) from .env -- tip: ⚙️  enable debug logging with { debug: true }
[dotenv@17.2.3] injecting env (7) from .env -- tip: 🔐 encrypt with Dotenvx: https://dotenvx.com
[dotenv@17.2.3] injecting env (7) from .env -- tip: 🔐 prevent building .env in docker: https://dotenvx.com/prebuild
[dotenv@17.2.3] injecting env (7) from .env -- tip: 🔐 prevent building .env in docker: https://dotenvx.com/prebuild
[dotenv@17.2.3] injecting env (7) from .env -- tip: ⚙️  specify custom .env file path with { path: '/custom/path/.env' }
[dotenv@17.2.3] injecting env (7) from .env -- tip: 🔐 prevent committing .env to code: https://dotenvx.com/precommit
[dotenv@17.2.3] injecting env (7) from .env -- tip: ⚙️  enable debug logging with { debug: true }
[dotenv@17.2.3] injecting env (7) from .env -- tip: 🔐 prevent building .env in docker: https://dotenvx.com/prebuild
[dotenv@17.2.3] injecting env (0) from .env -- tip: 🔑 add access controls to secrets: https://dotenvx.com/ops
[dotenv@17.2.3] injecting env (0) from .env -- tip: ⚙️  suppress all logs with { quiet: true }
[dotenv@17.2.3] injecting env (0) from .env -- tip: 📡 add observability to secrets: https://dotenvx.com/ops
[dotenv@17.2.3] injecting env (0) from .env -- tip: 📡 add observability to secrets: https://dotenvx.com/ops
[dotenv@17.2.3] injecting env (0) from .env -- tip: ⚙️  enable debug logging with { debug: true }
[dotenv@17.2.3] injecting env (0) from .env -- tip: 🛠️  run anywhere with `dotenvx run -- yourcommand`
Firebase Admin Initialized Successfully
[dotenv@17.2.3] injecting env (0) from .env -- tip: 🔄 add secrets lifecycle management: https://dotenvx.com/ops
Firebase Admin Initialized Successfully
Firebase Admin Initialized Successfully
Firebase Admin Initialized Successfully
Firebase Admin Initialized Successfully
Firebase Admin Initialized Successfully
[dotenv@17.2.3] injecting env (0) from .env -- tip: ⚙️  override existing env vars with { override: true }
Firebase Admin Initialized Successfully
Firebase Admin Initialized Successfully
(node:99642) [DEP0040] DeprecationWarning: The `punycode` module is deprecated. Please use a userland alternative instead.
(Use `node --trace-deprecation ...` to show where the warning was created)
(node:99641) [DEP0040] DeprecationWarning: The `punycode` module is deprecated. Please use a userland alternative instead.
(Use `node --trace-deprecation ...` to show where the warning was created)
(node:99648) [DEP0040] DeprecationWarning: The `punycode` module is deprecated. Please use a userland alternative instead.
(Use `node --trace-deprecation ...` to show where the warning was created)
(node:99643) [DEP0040] DeprecationWarning: The `punycode` module is deprecated. Please use a userland alternative instead.
(Use `node --trace-deprecation ...` to show where the warning was created)
Worker 99642 started on port 5001 (0.0.0.0)
Worker 99641 started on port 5001 (0.0.0.0)
Worker 99648 started on port 5001 (0.0.0.0)
(node:99645) [DEP0040] DeprecationWarning: The `punycode` module is deprecated. Please use a userland alternative instead.
(Use `node --trace-deprecation ...` to show where the warning was created)
(node:99647) [DEP0040] DeprecationWarning: The `punycode` module is deprecated. Please use a userland alternative instead.
(Use `node --trace-deprecation ...` to show where the warning was created)
Worker 99643 started on port 5001 (0.0.0.0)
Worker 99645 started on port 5001 (0.0.0.0)
Worker 99647 started on port 5001 (0.0.0.0)
(node:99644) [DEP0040] DeprecationWarning: The `punycode` module is deprecated. Please use a userland alternative instead.
(Use `node --trace-deprecation ...` to show where the warning was created)
Worker 99644 started on port 5001 (0.0.0.0)
(node:99646) [DEP0040] DeprecationWarning: The `punycode` module is deprecated. Please use a userland alternative instead.
(Use `node --trace-deprecation ...` to show where the warning was created)
Worker 99646 started on port 5001 (0.0.0.0)
[0mPOST /api/admin/rescore-all-results [32m200[0m 1592.817 ms - 77[0m
🔍 [API] GET /api/tests called
🔍 [DEBUG] Tests found in DB: 34
🔍 [DEBUG] Requester: {
  uid: '4tnu9fJUqvSixhLE83QEVc8ECmn1',
  role: 'student',
  category: 'JEE Main'
}
✅ [DEBUG] Returning 14 tests to client
[0mGET /api/tests [36m304[0m 1363.236 ms - -[0m
🔍 [API] GET /api/tests called
🔍 [DEBUG] Tests found in DB: 34
🔍 [DEBUG] Requester: {
  uid: '4tnu9fJUqvSixhLE83QEVc8ECmn1',
  role: 'student',
  category: 'JEE Main'
}
✅ [DEBUG] Returning 14 tests to client
[0mGET /api/tests [36m304[0m 289.935 ms - -[0m
[0mGET /api/tests/series [36m304[0m 1339.226 ms - -[0m
📊 [Results API] Fetching results for userId: 4tnu9fJUqvSixhLE83QEVc8ECmn1
📊 [Results API] Authenticated user uid: 4tnu9fJUqvSixhLE83QEVc8ECmn1
📊 [Results API] User role: student
[0mGET /api/results/student/4tnu9fJUqvSixhLE83QEVc8ECmn1 [32m200[0m 255.618 ms - 2039[0m
[0mGET /api/tests/series [36m304[0m 458.644 ms - -[0m
[0mGET /api/purchases/my-orders [36m304[0m 224.169 ms - -[0m
📊 [Results API] Fetching results for userId: 4tnu9fJUqvSixhLE83QEVc8ECmn1
📊 [Results API] Authenticated user uid: 4tnu9fJUqvSixhLE83QEVc8ECmn1
📊 [Results API] User role: student
[0mGET /api/admin/percentile-data [36m304[0m 97.459 ms - -[0m
[0mGET /api/results/student/4tnu9fJUqvSixhLE83QEVc8ECmn1 [36m304[0m 231.476 ms - -[0m
[0mGET /api/purchases/my-orders [36m304[0m 183.523 ms - -[0m
[0mGET /api/admin/percentile-data [36m304[0m 124.610 ms - -[0m
[0mGET /api/tests/gcGxtdKLCpfE5Sic5bU4 [36m304[0m 453.734 ms - -[0m
[0mGET /api/tests/gcGxtdKLCpfE5Sic5bU4 [36m304[0m 412.582 ms - -[0m
[SUBMIT DEBUG] Q:q_1772933615255_50 type:mcq correctOption:"undefined" resolved:"" selected:"Option 1" isCorrect:false
[SUBMIT DEBUG] Q:q_1772933615256_73 type:integer correctOption:"undefined" resolved:"undefined" selected:"900" isCorrect:false
[0mPOST /api/tests/gcGxtdKLCpfE5Sic5bU4/submit [32m200[0m 1745.068 ms - 977[0m
[0mGET /api/results/fLfWTXsYRz2O2S53B94d [32m200[0m 791.097 ms - 977[0m
[0mGET /api/results/fLfWTXsYRz2O2S53B94d [36m304[0m 227.340 ms - -[0m
[0mGET /api/tests/gcGxtdKLCpfE5Sic5bU4 [36m304[0m 420.888 ms - -[0m
[0mGET /api/admin/percentile-data [36m304[0m 94.235 ms - -[0m
[0mGET /api/results/test/gcGxtdKLCpfE5Sic5bU4 [32m200[0m 857.849 ms - 370[0m
[0mGET /api/tests/gcGxtdKLCpfE5Sic5bU4 [36m304[0m 459.138 ms - -[0m
[0mGET /api/results/test/gcGxtdKLCpfE5Sic5bU4 [36m304[0m 253.459 ms - -[0m
[0mGET /api/admin/percentile-data [36m304[0m 93.244 ms - -[0m
[0mGET /api/results/test/gcGxtdKLCpfE5Sic5bU4 [36m304[0m 302.671 ms - -[0m
[0mGET /api/results/test/gcGxtdKLCpfE5Sic5bU4 [36m304[0m 266.987 ms - -[0m
